<?xml version="1.0" encoding="UTF-8"?>
<!-- Generated by org.testng.reporters.JUnitReportReporter -->
<testsuite hostname="BDC3-LX-8XW2GW2" failures="0" tests="1" name="ZendeskAutomationMain.EEPPortal_InitialTest" time="68.146" errors="0" timestamp="22 Feb 2022 14:29:37 GMT">
  <testcase classname="ZendeskAutomationMain.EEPPortal_InitialTest" name="Verify_Home_Page" time="68.146"/>
</testsuite> <!-- ZendeskAutomationMain.EEPPortal_InitialTest -->
