<?xml version="1.0" encoding="UTF-8"?>
<!-- Generated by org.testng.reporters.JUnitReportReporter -->
<testsuite hostname="bdc7-l-42861y6" failures="0" tests="1" name="ZendeskAutomationMain.EEPPortal_InitialTest" time="27.174" errors="0" timestamp="2025-01-10T19:09:55 IST" skipped="0">
  <testcase classname="ZendeskAutomationMain.EEPPortal_InitialTest" name="Second_Employer_Eform_Verification" time="27.174">
    <system-out>
      <![CDATA[URL accessed
Navigated to Home page successfully]]>
    </system-out>
  </testcase> <!-- Second_Employer_Eform_Verification -->
  <system-out>
    <![CDATA[URL accessed
Navigated to Home page successfully]]>
  </system-out>
</testsuite> <!-- ZendeskAutomationMain.EEPPortal_InitialTest -->
